"D:/Year 03/LegoTheMatrixProto_V1.2/Content/Geometry/Meshes/CubeMaterial.uasset" 0
"D:/Year 03/LegoTheMatrixProto_V1.2/Content/Geometry/Meshes/1M_Cube.uasset" 1
"D:/Year 03/LegoTheMatrixProto_V1.2/Content/Geometry/Meshes/1M_Cube_Chamfer.uasset" 2
"D:/Year 03/LegoTheMatrixProto_V1.2/Content/Geometry/Meshes/TemplateFloor.uasset" 3
"D:/Year 03/LegoTheMatrixProto_V1.2/Content/Mannequin/Character/Mesh/UE4_Mannequin_Skeleton.uasset" 4
"../../../Engine/Content/Animation/DefaultAnimCurveCompressionSettings.uasset" 5
"../../../Engine/Content/Animation/DefaultAnimBoneCompressionSettings.uasset" 6
"D:/Year 03/LegoTheMatrixProto_V1.2/Content/Mannequin/Animations/ThirdPersonJump_End.uasset" 7
"D:/Year 03/LegoTheMatrixProto_V1.2/Content/Mannequin/Animations/ThirdPersonJump_Start.uasset" 8
"D:/Year 03/LegoTheMatrixProto_V1.2/Content/Mannequin/Animations/ThirdPersonJump_Loop.uasset" 9
"D:/Year 03/LegoTheMatrixProto_V1.2/Content/Mannequin/Animations/ThirdPerson_Jump.uasset" 10
"D:/Year 03/LegoTheMatrixProto_V1.2/Content/Mannequin/Animations/ThirdPersonRun.uasset" 11
"D:/Year 03/LegoTheMatrixProto_V1.2/Content/Mannequin/Animations/ThirdPersonIdle.uasset" 12
"D:/Year 03/LegoTheMatrixProto_V1.2/Content/Mannequin/Animations/ThirdPersonWalk.uasset" 13
"D:/Year 03/LegoTheMatrixProto_V1.2/Content/Mannequin/Animations/ThirdPerson_IdleRun_2D.uasset" 14
"../../../Engine/Content/EditorBlueprintResources/StandardMacros.uasset" 15
"D:/Year 03/LegoTheMatrixProto_V1.2/Content/Mannequin/Animations/ThirdPerson_AnimBP.uasset" 16
"../../../Engine/Content/Functions/Engine_MaterialFunctions02/Utility/BlendAngleCorrectedNormals.uasset" 17
"D:/Year 03/LegoTheMatrixProto_V1.2/Content/Mannequin/Character/Textures/T_Male_N.uasset" 18
"D:/Year 03/LegoTheMatrixProto_V1.2/Content/Mannequin/Character/Materials/MaterialLayers/T_ML_Aluminum01.uasset" 19
"D:/Year 03/LegoTheMatrixProto_V1.2/Content/Mannequin/Character/Materials/MaterialLayers/T_ML_Aluminum01_N.uasset" 20
"D:/Year 03/LegoTheMatrixProto_V1.2/Content/Mannequin/Character/Materials/MaterialLayers/T_ML_Rubber_Blue_01_D.uasset" 21
"D:/Year 03/LegoTheMatrixProto_V1.2/Content/Mannequin/Character/Materials/MaterialLayers/T_ML_Rubber_Blue_01_N.uasset" 22
"D:/Year 03/LegoTheMatrixProto_V1.2/Content/Mannequin/Character/Textures/T_UE4Logo_Mask.uasset" 23
"D:/Year 03/LegoTheMatrixProto_V1.2/Content/Mannequin/Character/Textures/T_Male_Mask.uasset" 24
"D:/Year 03/LegoTheMatrixProto_V1.2/Content/Mannequin/Character/Materials/MaterialLayers/ML_SoftMetal_UE4.uasset" 25
"D:/Year 03/LegoTheMatrixProto_V1.2/Content/Mannequin/Character/Materials/MaterialLayers/ML_Plastic_Shiny_Beige_LOGO.uasset" 26
"D:/Year 03/LegoTheMatrixProto_V1.2/Content/Mannequin/Character/Materials/MaterialLayers/ML_Plastic_Shiny_Beige.uasset" 27
"D:/Year 03/LegoTheMatrixProto_V1.2/Content/Mannequin/Character/Materials/MaterialLayers/ML_GlossyBlack_Latex_UE4.uasset" 28
"../../../Engine/Content/Functions/MaterialLayerFunctions/MatLayerBlend_Simple.uasset" 29
"../../../Engine/Content/Functions/MaterialLayerFunctions/MatLayerBlend_NormalBlend.uasset" 30
"D:/Year 03/LegoTheMatrixProto_V1.2/Content/Mannequin/Character/Materials/M_Male_Body.uasset" 31
"D:/Year 03/LegoTheMatrixProto_V1.2/Content/Mannequin/Character/Mesh/SK_Mannequin_PhysicsAsset.uasset" 32
"D:/Year 03/LegoTheMatrixProto_V1.2/Content/Mannequin/Character/Textures/T_UE4Logo_N.uasset" 33
"D:/Year 03/LegoTheMatrixProto_V1.2/Content/Mannequin/Character/Materials/M_UE4Man_ChestLogo.uasset" 34
"D:/Year 03/LegoTheMatrixProto_V1.2/Content/Mannequin/Character/Mesh/SK_Mannequin.uasset" 35
"D:/Year 03/LegoTheMatrixProto_V1.2/Content/Mannequin/Character/Textures/T_Female_Mask.uasset" 36
"D:/Year 03/LegoTheMatrixProto_V1.2/Content/Mannequin/Character/Textures/T_Female_N.uasset" 37
"D:/Year 03/LegoTheMatrixProto_V1.2/Content/Mannequin/Character/Materials/MI_Female_Body.uasset" 38
"D:/Year 03/LegoTheMatrixProto_V1.2/Content/Mannequin/Character/Mesh/SK_Mannequin_Female_PhysicsAsset.uasset" 39
"D:/Year 03/LegoTheMatrixProto_V1.2/Content/Mannequin/Character/Mesh/SK_Mannequin_Female.uasset" 40
"D:/Year 03/LegoTheMatrixProto_V1.2/Content/Splash/EdSplash.uasset" 41
"D:/Year 03/LegoTheMatrixProto_V1.2/Content/Splash/Splash.uasset" 42
"D:/Year 03/LegoTheMatrixProto_V1.2/Content/StudentContent/Blueprints/Actors/BPC_UnbuiltItem.uasset" 43
"D:/Year 03/LegoTheMatrixProto_V1.2/Content/StudentContent/Blueprints/Actors/BPC_BuildingItem.uasset" 44
"D:/Year 03/LegoTheMatrixProto_V1.2/Content/StudentContent/Blueprints/Actors/Pawns/Characters/Struct_CharacterStats.uasset" 45
"D:/Year 03/LegoTheMatrixProto_V1.2/Content/StudentContent/Blueprints/Actors/Pawns/Characters/Model/LegoCharacter_Model_PhysicsAsset.uasset" 46
"../../../Engine/Content/EditorMeshes/ColorCalibrator/M_GreyBall.uasset" 47
"D:/Year 03/LegoTheMatrixProto_V1.2/Content/StudentContent/Blueprints/Actors/Pawns/Characters/Model/LegoCharacter_Model_Skeleton.uasset" 48
"D:/Year 03/LegoTheMatrixProto_V1.2/Content/StudentContent/Blueprints/Actors/Pawns/Characters/Model/LegoCharacter_Model.uasset" 49
"D:/Year 03/LegoTheMatrixProto_V1.2/Content/StudentContent/Materials/Characters/TEMP_MATERIALS/M_Green.uasset" 50
"D:/Year 03/LegoTheMatrixProto_V1.2/Content/StudentContent/Materials/Characters/TEMP_MATERIALS/MIns_Pink.uasset" 51
"D:/Year 03/LegoTheMatrixProto_V1.2/Content/StudentContent/Blueprints/Libraries/BPI_EnemyCombat.uasset" 52
"D:/Year 03/LegoTheMatrixProto_V1.2/Content/StudentContent/Blueprints/Libraries/BPI_CharacterStats.uasset" 53
"D:/Year 03/LegoTheMatrixProto_V1.2/Content/StudentContent/Blueprints/Actors/Pawns/Characters/Enemies/BP_PatrolPath.uasset" 54
"D:/Year 03/LegoTheMatrixProto_V1.2/Content/StudentContent/Blueprints/Actors/Pawns/Characters/Enemies/BT_Services/BTS_GuardOrSoldier.uasset" 55
"D:/Year 03/LegoTheMatrixProto_V1.2/Content/StudentContent/Blueprints/Actors/Pawns/Characters/Enemies/BT_Tasks/BTT_NextPathIncrement.uasset" 56
"D:/Year 03/LegoTheMatrixProto_V1.2/Content/StudentContent/Blueprints/Actors/Pawns/Characters/Enemies/BT_Tasks/BTT_NextPathDecrement.uasset" 57
"D:/Year 03/LegoTheMatrixProto_V1.2/Content/StudentContent/Blueprints/Actors/Pawns/Characters/Enemies/BT_Tasks/BTT_MeleeAttack.uasset" 58
"D:/Year 03/LegoTheMatrixProto_V1.2/Content/StudentContent/Blueprints/Actors/Pawns/Characters/Enemies/BT_Tasks/BTT_LoopPatrolPath.uasset" 59
"D:/Year 03/LegoTheMatrixProto_V1.2/Content/StudentContent/Blueprints/Actors/Pawns/Characters/Enemies/BT_Tasks/BTT_FindRandomLocal.uasset" 60
"D:/Year 03/LegoTheMatrixProto_V1.2/Content/StudentContent/Blueprints/Actors/Pawns/Characters/Enemies/BT_Tasks/BTT_FindPatrolPoint.uasset" 61
"D:/Year 03/LegoTheMatrixProto_V1.2/Content/StudentContent/Blueprints/Actors/Pawns/Characters/Enemies/BT_Tasks/BTT_ChasePlayer.uasset" 62
"../../../Engine/Content/EngineFonts/Faces/DroidSansMono.uasset" 63
"../../../Engine/Content/EngineFonts/Faces/DroidSansFallback.uasset" 64
"../../../Engine/Content/EngineFonts/DroidSansMono.uasset" 65
"D:/Year 03/LegoTheMatrixProto_V1.2/Content/StudentContent/Blueprints/UI/Images/In-Game_Controls_Menu__Keyboard_.uasset" 66
"D:/Year 03/LegoTheMatrixProto_V1.2/Content/StudentContent/Materials/Characters/TEMP_MATERIALS/MIns_Red.uasset" 67
"D:/Year 03/LegoTheMatrixProto_V1.2/Content/StudentContent/Blueprints/Libraries/BPI_GameManagement.uasset" 68
"../../../Engine/Content/EngineMaterials/T_Default_Material_Grid_N.uasset" 69
"../../../Engine/Content/EngineMaterials/T_Default_Material_Grid_M.uasset" 70
"../../../Engine/Content/Functions/Engine_MaterialFunctions01/Opacity/CameraDepthFade.uasset" 71
"../../../Engine/Content/EngineMaterials/DefaultMaterial.uasset" 72
"../../../Engine/Content/BasicShapes/Sphere.uasset" 73
"D:/Year 03/LegoTheMatrixProto_V1.2/Content/StudentContent/Blueprints/Libraries/BPI_Interactions.uasset" 74
"D:/Year 03/LegoTheMatrixProto_V1.2/Content/StudentContent/Blueprints/Actors/BP_InteractItem.uasset" 75
"D:/Year 03/LegoTheMatrixProto_V1.2/Content/StudentContent/Blueprints/Actors/Interactables/BPC_UnbuiltItem.uasset" 76
"D:/Year 03/LegoTheMatrixProto_V1.2/Content/StudentContent/Blueprints/Actors/BP_EnemySpawn.uasset" 77
"../../../Engine/Content/EngineMaterials/WorldGridMaterial.uasset" 78
"../../../Engine/Content/BasicShapes/Cube.uasset" 79
"../../../Engine/Content/BasicShapes/BasicShapeMaterial.uasset" 80
"D:/Year 03/LegoTheMatrixProto_V1.2/Content/StudentContent/Blueprints/Actors/Interactables/BPC_BuiltBridge.uasset" 81
"../../../Engine/Content/BasicShapes/Cylinder.uasset" 82
"D:/Year 03/LegoTheMatrixProto_V1.2/Content/StudentContent/Blueprints/Actors/Interactables/BP_PuzzleDoor.uasset" 83
"D:/Year 03/LegoTheMatrixProto_V1.2/Content/StudentContent/Blueprints/Actors/Interactables/BPC_BuildSwitch.uasset" 84
"D:/Year 03/LegoTheMatrixProto_V1.2/Content/StudentContent/Blueprints/Managers/BP_GameManager.uasset" 85
"D:/Year 03/LegoTheMatrixProto_V1.2/Content/StudentContent/Blueprints/UI/In-GameMenus/UMG_KeyboardControls_IG.uasset" 86
"D:/Year 03/LegoTheMatrixProto_V1.2/Content/StudentContent/Blueprints/UI/Images/In-Game_Controls_Menu__Gamepad_.uasset" 87
"D:/Year 03/LegoTheMatrixProto_V1.2/Content/StudentContent/Blueprints/UI/In-GameMenus/UMG_GamepadControls_IG.uasset" 88
"D:/Year 03/LegoTheMatrixProto_V1.2/Content/StudentContent/Blueprints/UI/Images/Pause_Menu__Background_.uasset" 89
"D:/Year 03/LegoTheMatrixProto_V1.2/Content/StudentContent/Blueprints/UI/In-GameMenus/UMG_PauseMenu.uasset" 90
"D:/Year 03/LegoTheMatrixProto_V1.2/Content/StudentContent/Blueprints/Actors/Pawns/Characters/Animations/LegoCharacter_Punch01.uasset" 91
"D:/Year 03/LegoTheMatrixProto_V1.2/Content/StudentContent/Blueprints/Actors/Pawns/Characters/Animations/AnimMon_Punch01.uasset" 92
"D:/Year 03/LegoTheMatrixProto_V1.2/Content/StudentContent/Blueprints/Libraries/BPI_MatrixMode.uasset" 93
"D:/Year 03/LegoTheMatrixProto_V1.2/Content/StudentContent/Blueprints/Actors/Pawns/Characters/Players/BPC_Character02.uasset" 94
"D:/Year 03/LegoTheMatrixProto_V1.2/Content/StudentContent/Materials/Characters/TEMP_MATERIALS/M_Blue.uasset" 95
"D:/Year 03/LegoTheMatrixProto_V1.2/Content/StudentContent/Blueprints/Actors/Pawns/Characters/Players/BPC_Character01.uasset" 96
"D:/Year 03/LegoTheMatrixProto_V1.2/Content/StudentContent/Blueprints/Actors/BP_PlayerSpawn.uasset" 97
"D:/Year 03/LegoTheMatrixProto_V1.2/Content/StudentContent/Blueprints/Actors/Cameras/BP_MainCamera.uasset" 98
"D:/Year 03/LegoTheMatrixProto_V1.2/Content/StudentContent/Blueprints/GameModes/GM_LegoMatrixMode.uasset" 99
"D:/Year 03/LegoTheMatrixProto_V1.2/Content/StudentContent/Blueprints/Actors/Pawns/Characters/Players/BP_PlayerController.uasset" 100
"D:/Year 03/LegoTheMatrixProto_V1.2/Content/StudentContent/Blueprints/Libraries/Macs_Characters.uasset" 101
"D:/Year 03/LegoTheMatrixProto_V1.2/Content/StudentContent/Blueprints/Actors/Pawns/Characters/Players/BPC_BasePlayer.uasset" 102
"D:/Year 03/LegoTheMatrixProto_V1.2/Content/StudentContent/Blueprints/Actors/Pawns/Characters/Enemies/BT_Services/BTS_PlayerInRange.uasset" 103
"D:/Year 03/LegoTheMatrixProto_V1.2/Content/StudentContent/Blueprints/Actors/Pawns/Characters/Enemies/BT_Services/BTS_ChangeEnemySpeed.uasset" 104
"D:/Year 03/LegoTheMatrixProto_V1.2/Content/StudentContent/Blueprints/Actors/Pawns/Characters/Enemies/BB_EnemyAIKeys.uasset" 105
"D:/Year 03/LegoTheMatrixProto_V1.2/Content/StudentContent/Blueprints/Actors/Pawns/Characters/Enemies/BT_NewEnemyAI.uasset" 106
"D:/Year 03/LegoTheMatrixProto_V1.2/Content/StudentContent/Blueprints/Actors/Pawns/Characters/Enemies/BP_NewAIController.uasset" 107
"D:/Year 03/LegoTheMatrixProto_V1.2/Content/StudentContent/Blueprints/Actors/Pawns/Characters/Enemies/BPC_EnemyCharacter.uasset" 108
"D:/Year 03/LegoTheMatrixProto_V1.2/Content/StudentContent/Blueprints/Actors/Pawns/Characters/Animations/LegoCharacter_Walk.uasset" 109
"D:/Year 03/LegoTheMatrixProto_V1.2/Content/StudentContent/Blueprints/Actors/Pawns/Characters/Animations/LegoCharacter_Run.uasset" 110
"D:/Year 03/LegoTheMatrixProto_V1.2/Content/StudentContent/Blueprints/Actors/Pawns/Characters/Animations/LegoCharacter_Idle.uasset" 111
"D:/Year 03/LegoTheMatrixProto_V1.2/Content/StudentContent/Blueprints/Actors/Pawns/Characters/Animations/LegoCharacter_Running_BS.uasset" 112
"D:/Year 03/LegoTheMatrixProto_V1.2/Content/StudentContent/Blueprints/Actors/Pawns/Characters/Animations/LegoCharacter_JumpEnd.uasset" 113
"D:/Year 03/LegoTheMatrixProto_V1.2/Content/StudentContent/Blueprints/Actors/Pawns/Characters/Animations/LegoCharacter_JumpBegin.uasset" 114
"D:/Year 03/LegoTheMatrixProto_V1.2/Content/StudentContent/Blueprints/Actors/Pawns/Characters/Animations/LegoCharacter_InAir.uasset" 115
"D:/Year 03/LegoTheMatrixProto_V1.2/Content/StudentContent/Blueprints/Actors/Pawns/Characters/Animations/LegoCharacter_ForwardSomersault.uasset" 116
"D:/Year 03/LegoTheMatrixProto_V1.2/Content/StudentContent/Blueprints/Actors/Pawns/Characters/Animations/LegoCharacter_AnimBP.uasset" 117
"D:/Year 03/LegoTheMatrixProto_V1.2/Content/StudentContent/Blueprints/Actors/Pawns/Characters/BP_BaseCharacter.uasset" 118
"D:/Year 03/LegoTheMatrixProto_V1.2/Content/StudentContent/Blueprints/Actors/Interactables/BPC_BuiltItem.uasset" 119
"D:/Year 03/LegoTheMatrixProto_V1.2/Content/StudentContent/Blueprints/Actors/BPC_BuiltItem.uasset" 120
"D:/Year 03/LegoTheMatrixProto_V1.2/Content/StudentContent/Blueprints/Actors/BPC_BuiltItem01.uasset" 121
"D:/Year 03/LegoTheMatrixProto_V1.2/Content/StudentContent/Blueprints/Actors/BPC_BuiltItem02.uasset" 122
"D:/Year 03/LegoTheMatrixProto_V1.2/Content/StudentContent/Blueprints/Actors/BP_BuildableItem.uasset" 123
"D:/Year 03/LegoTheMatrixProto_V1.2/Content/StudentContent/Blueprints/Actors/BP_MainCamera.uasset" 124
"D:/Year 03/LegoTheMatrixProto_V1.2/Content/StudentContent/Materials/Generic/M_Basic_Wall.uasset" 125
"D:/Year 03/LegoTheMatrixProto_V1.2/Content/StudentContent/Meshes/Generic/Shape_Cylinder.uasset" 126
"D:/Year 03/LegoTheMatrixProto_V1.2/Content/StudentContent/Blueprints/Actors/Pick-Ups/Struct_StudValues.uasset" 127
"D:/Year 03/LegoTheMatrixProto_V1.2/Content/StudentContent/Materials/Pick-Ups/TEMP_MATERIALS/M_Silver.uasset" 128
"D:/Year 03/LegoTheMatrixProto_V1.2/Content/StudentContent/Materials/Pick-Ups/TEMP_MATERIALS/M_Purple.uasset" 129
"D:/Year 03/LegoTheMatrixProto_V1.2/Content/StudentContent/Materials/Pick-Ups/TEMP_MATERIALS/M_Gold.uasset" 130
"D:/Year 03/LegoTheMatrixProto_V1.2/Content/StudentContent/Materials/Pick-Ups/TEMP_MATERIALS/M_Blue.uasset" 131
"D:/Year 03/LegoTheMatrixProto_V1.2/Content/StudentContent/Blueprints/Actors/Pick-Ups/BP_BasePickUp.uasset" 132
"D:/Year 03/LegoTheMatrixProto_V1.2/Content/StudentContent/Blueprints/Actors/Pick-Ups/BPC_ScorePickUp.uasset" 133
"D:/Year 03/LegoTheMatrixProto_V1.2/Content/StudentContent/Blueprints/Actors/Pick-Ups/BP_ScorePickUp.uasset" 134
"D:/Year 03/LegoTheMatrixProto_V1.2/Content/StudentContent/Blueprints/Actors/BP_ScorePickUp.uasset" 135
"D:/Year 03/LegoTheMatrixProto_V1.2/Content/StudentContent/Blueprints/Actors/Pawns/Characters/Enemies/BPC_GuardEnemy.uasset" 136
"D:/Year 03/LegoTheMatrixProto_V1.2/Content/StudentContent/Blueprints/Actors/Pawns/Characters/Enemies/BPC_StandardEnemy.uasset" 137
"D:/Year 03/LegoTheMatrixProto_V1.2/Content/StudentContent/Blueprints/Actors/Pawns/Characters/Enemies/BPC_Enemy.uasset" 138
"D:/Year 03/LegoTheMatrixProto_V1.2/Content/StudentContent/Blueprints/Actors/Pawns/Characters/BPC_Enemy.uasset" 139
"D:/Year 03/LegoTheMatrixProto_V1.2/Content/StudentContent/Blueprints/Actors/Pawns/Characters/BPC_BasePlayer.uasset" 140
"D:/Year 03/LegoTheMatrixProto_V1.2/Content/StudentContent/Blueprints/Actors/Pawns/Characters/BP_BasePlayer.uasset" 141
"D:/Year 03/LegoTheMatrixProto_V1.2/Content/StudentContent/Blueprints/Actors/Pawns/Characters/BPC_Character01.uasset" 142
"D:/Year 03/LegoTheMatrixProto_V1.2/Content/StudentContent/Blueprints/Actors/Pawns/Characters/BP_Character01.uasset" 143
"D:/Year 03/LegoTheMatrixProto_V1.2/Content/StudentContent/Blueprints/Actors/Pawns/Characters/BPC_Character02.uasset" 144
"D:/Year 03/LegoTheMatrixProto_V1.2/Content/StudentContent/Blueprints/Actors/Pawns/Characters/BP_Character02.uasset" 145
"D:/Year 03/LegoTheMatrixProto_V1.2/Content/StudentContent/Blueprints/Actors/Pawns/Characters/BP_PlayerController.uasset" 146
"D:/Year 03/LegoTheMatrixProto_V1.2/Content/StudentContent/Blueprints/Actors/Pawns/Characters/Players/E_PlayerCharacters.uasset" 147
"D:/Year 03/LegoTheMatrixProto_V1.2/Content/StudentContent/Blueprints/Actors/Pawns/Characters/E_PlayerCharacters.uasset" 148
"D:/Year 03/LegoTheMatrixProto_V1.2/Content/StudentContent/Blueprints/Actors/Pawns/Characters/Players/Struct_PlayerStats.uasset" 149
"D:/Year 03/LegoTheMatrixProto_V1.2/Content/StudentContent/Blueprints/Actors/Pawns/Characters/Struct_PlayerStats.uasset" 150
"D:/Year 03/LegoTheMatrixProto_V1.2/Content/StudentContent/Blueprints/Actors/Pawns/Characters/Animations/LegoCharacter_Building.uasset" 151
"D:/Year 03/LegoTheMatrixProto_V1.2/Content/StudentContent/Blueprints/Actors/Pawns/Characters/Animations/LegoCharacter_BuildingToIdle.uasset" 152
"D:/Year 03/LegoTheMatrixProto_V1.2/Content/StudentContent/Blueprints/Actors/Pawns/Characters/Animations/LegoCharacter_IdleToBuilding.uasset" 153
"D:/Year 03/LegoTheMatrixProto_V1.2/Content/StudentContent/Blueprints/Actors/Pawns/Characters/Enemies/BB_EnemyAI.uasset" 154
"D:/Year 03/LegoTheMatrixProto_V1.2/Content/StudentContent/Blueprints/Actors/Pawns/Characters/Enemies/BP_AIController.uasset" 155
"D:/Year 03/LegoTheMatrixProto_V1.2/Content/StudentContent/Blueprints/Actors/Pawns/Characters/Enemies/BP_NavPoints.uasset" 156
"D:/Year 03/LegoTheMatrixProto_V1.2/Content/StudentContent/Blueprints/Actors/Pawns/Characters/Enemies/BTS_ChangeEnemySpeed.uasset" 157
"D:/Year 03/LegoTheMatrixProto_V1.2/Content/StudentContent/Blueprints/Actors/Pawns/Characters/Enemies/BTS_PlayerInRange.uasset" 158
"D:/Year 03/LegoTheMatrixProto_V1.2/Content/StudentContent/Blueprints/Actors/Pawns/Characters/Enemies/BTT_ChasePlayer.uasset" 159
"D:/Year 03/LegoTheMatrixProto_V1.2/Content/StudentContent/Blueprints/Actors/Pawns/Characters/Enemies/BTT_FindPatrolPoint.uasset" 160
"D:/Year 03/LegoTheMatrixProto_V1.2/Content/StudentContent/Blueprints/Actors/Pawns/Characters/Enemies/BTT_FindRandomLocal.uasset" 161
"D:/Year 03/LegoTheMatrixProto_V1.2/Content/StudentContent/Blueprints/Actors/Pawns/Characters/Enemies/BTT_LoopPatrolPath.uasset" 162
"D:/Year 03/LegoTheMatrixProto_V1.2/Content/StudentContent/Blueprints/Actors/Pawns/Characters/Enemies/BTT_MeleeAttack.uasset" 163
"D:/Year 03/LegoTheMatrixProto_V1.2/Content/StudentContent/Blueprints/Actors/Pawns/Characters/Enemies/BTT_NextPathDecrement.uasset" 164
"D:/Year 03/LegoTheMatrixProto_V1.2/Content/StudentContent/Blueprints/Actors/Pawns/Characters/Enemies/BTT_NextPathIncrement.uasset" 165
"D:/Year 03/LegoTheMatrixProto_V1.2/Content/StudentContent/Blueprints/Actors/Pawns/Characters/Enemies/BT_EnemyAI.uasset" 166
"D:/Year 03/LegoTheMatrixProto_V1.2/Content/StudentContent/Blueprints/Libraries/BPI_Interact.uasset" 167
"D:/Year 03/LegoTheMatrixProto_V1.2/Content/StudentContent/Blueprints/Libraries/BPI_Players.uasset" 168
"D:/Year 03/LegoTheMatrixProto_V1.2/Content/StudentContent/Blueprints/Libraries/BPI_MatrixGM.uasset" 169
"D:/Year 03/LegoTheMatrixProto_V1.2/Content/StudentContent/Blueprints/Libraries/BPI_StartGame.uasset" 170
"D:/Year 03/LegoTheMatrixProto_V1.2/Content/StudentContent/Blueprints/UI/Images/Main_Menu_Controls_Menu__Keyboard_.uasset" 171
"D:/Year 03/LegoTheMatrixProto_V1.2/Content/StudentContent/Blueprints/UI/Images/Main_Menu__Background_.uasset" 172
"D:/Year 03/LegoTheMatrixProto_V1.2/Content/StudentContent/Blueprints/UI/MainMenus/UMG_MainMenu.uasset" 173
"D:/Year 03/LegoTheMatrixProto_V1.2/Content/StudentContent/Blueprints/UI/MainMenus/UMG_KeyboardControls_MM.uasset" 174
"D:/Year 03/LegoTheMatrixProto_V1.2/Content/StudentContent/Blueprints/UI/Images/Main_Menu_Controls_Menu__Gamepad_.uasset" 175
"D:/Year 03/LegoTheMatrixProto_V1.2/Content/StudentContent/Blueprints/UI/MainMenus/UMG_GamepadControls_MM.uasset" 176
"D:/Year 03/LegoTheMatrixProto_V1.2/Content/StudentContent/Blueprints/UI/MainMenus/UMG_ControlsMenu.uasset" 177
"D:/Year 03/LegoTheMatrixProto_V1.2/Content/StudentContent/Blueprints/UI/UMG_ControlsMenu.uasset" 178
"D:/Year 03/LegoTheMatrixProto_V1.2/Content/StudentContent/Blueprints/UI/UMG_CreditsMenu.uasset" 179
"D:/Year 03/LegoTheMatrixProto_V1.2/Content/StudentContent/Materials/Characters/TEMP_MATERIALS/M_Red.uasset" 180
"../../../Engine/Content/ArtTools/RenderToTexture/Meshes/S_1_Unit_Plane.uasset" 181
"../../../Engine/Content/BasicShapes/Cone.uasset" 182
"../../../Engine/Content/EditorLandscapeResources/DataLayer.uasset" 183
"../../../Engine/Content/EditorLandscapeResources/DefaultAlphaTexture.uasset" 184
"../../../Engine/Content/EditorMaterials/MAT_Groups_Toggle.uasset" 185
"../../../Engine/Content/EditorMaterials/MAT_Groups_Visibility.uasset" 186
"../../../Engine/Content/EditorMaterials/PreviewShadowIndicator.uasset" 187
"../../../Engine/Content/EditorMaterials/PreviewShadowIndicatorMaterial.uasset" 188
"../../../Engine/Content/EditorMaterials/MatineeGroups/MAT_ColorTrack.uasset" 189
"../../../Engine/Content/EditorMaterials/MatineeGroups/MAT_Groups_Anim.uasset" 190
"../../../Engine/Content/EditorMaterials/MatineeGroups/MAT_Groups_AudioMaster.uasset" 191
"../../../Engine/Content/EditorMaterials/MatineeGroups/MAT_Groups_Director.uasset" 192
"../../../Engine/Content/EditorMaterials/MatineeGroups/MAT_Groups_Event.uasset" 193
"../../../Engine/Content/EditorMaterials/MatineeGroups/MAT_Groups_Fade.uasset" 194
"../../../Engine/Content/EditorMaterials/MatineeGroups/MAT_Groups_Float.uasset" 195
"../../../Engine/Content/EditorMaterials/MatineeGroups/MAT_Groups_Move.uasset" 196
"../../../Engine/Content/EditorMaterials/MatineeGroups/MAT_Groups_Slomo.uasset" 197
"../../../Engine/Content/EditorMaterials/MatineeGroups/MAT_Groups_Sound.uasset" 198
"../../../Engine/Content/EditorMaterials/MatineeGroups/MAT_Groups_Vector.uasset" 199
"../../../Engine/Content/EditorMaterials/ParticleSystems/PSysThumbnail_NoImage.uasset" 200
"../../../Engine/Content/EditorMaterials/ParticleSystems/PSysThumbnail_OOD.uasset" 201
"../../../Engine/Content/EditorMaterials/Camera/CineMat.uasset" 202
"../../../Engine/Content/EditorMaterials/Camera/MI_CineMat_Rig.uasset" 203
"../../../Engine/Content/EditorMeshes/Camera/SM_CraneRig_Arm.uasset" 204
"../../../Engine/Content/EditorMeshes/Camera/SM_CraneRig_Base.uasset" 205
"../../../Engine/Content/EditorMeshes/Camera/SM_CraneRig_Body.uasset" 206
"../../../Engine/Content/EditorMeshes/Camera/SM_CraneRig_Mount.uasset" 207
"../../../Engine/Content/EditorMeshes/Camera/SM_RailRig_Mount.uasset" 208
"../../../Engine/Content/EditorMeshes/Camera/SM_RailRig_Track.uasset" 209
"../../../Engine/Content/EditorResources/BSPVertex.uasset" 210
"../../../Engine/Content/EditorResources/EmptyActor.uasset" 211
"../../../Engine/Content/EditorResources/S_Actor.uasset" 212
"../../../Engine/Content/EditorResources/S_Note.uasset" 213
"../../../Engine/Content/EditorResources/S_Solver.uasset" 214
"../../../Engine/Content/EditorResources/S_Terrain.uasset" 215
"../../../Engine/Content/EditorResources/S_Trigger.uasset" 216
"../../../Engine/Content/EditorResources/LightIcons/S_LightError.uasset" 217
"../../../Engine/Content/EditorResources/SequenceRecorder/Countdown.uasset" 218
"../../../Engine/Content/EditorResources/SequenceRecorder/RecordingIndicator.uasset" 219
"../../../Engine/Content/EngineDamageTypes/DmgTypeBP_Environmental.uasset" 220
"../../../Engine/Content/EngineDebugMaterials/DebugEditorMaterial.uasset" 221
"../../../Engine/Content/EngineDebugMaterials/DebugMeshMaterial.uasset" 222
"../../../Engine/Content/EngineDebugMaterials/M_SimpleUnlitTranslucent.uasset" 223
"../../../Engine/Content/EngineDebugMaterials/VolumeToRender.uasset" 224
"../../../Engine/Content/Functions/Engine_MaterialFunctions02/Utility/CameraDirectionVector.uasset" 225
"../../../Engine/Content/EngineDebugMaterials/M_VolumeRenderSphereTracePP.uasset" 226
"../../../Engine/Content/Functions/Engine_MaterialFunctions01/Shading/ConvertFromDiffSpec.uasset" 227
"../../../Engine/Content/EngineDebugMaterials/VertexColorMaterial.uasset" 228
"../../../Engine/Content/EngineDebugMaterials/WireframeMaterial.uasset" 229
"../../../Engine/Content/EngineFonts/Faces/RobotoRegular.uasset" 230
"../../../Engine/Content/EngineFonts/Faces/RobotoLight.uasset" 231
"../../../Engine/Content/EngineFonts/Faces/RobotoItalic.uasset" 232
"../../../Engine/Content/EngineFonts/Faces/RobotoBoldItalic.uasset" 233
"../../../Engine/Content/EngineFonts/Faces/RobotoBold.uasset" 234
"../../../Engine/Content/EngineFonts/Roboto.uasset" 235
"../../../Engine/Content/EngineMaterials/BaseFlattenNormalMap.uasset" 236
"../../../Engine/Content/EngineMaterials/BaseFlattenGrayscaleMap.uasset" 237
"../../../Engine/Content/EngineMaterials/BaseFlattenEmissiveMap.uasset" 238
"../../../Engine/Content/EngineMaterials/BaseFlattenDiffuseMap.uasset" 239
"../../../Engine/Content/EngineMaterials/BaseFlattenMaterial.uasset" 240
"../../../Engine/Content/EngineMaterials/BlueNoise.uasset" 241
"../../../Engine/Content/EngineMaterials/DefaultBloomKernel.uasset" 242
"../../../Engine/Content/EngineMaterials/DefaultBokeh.uasset" 243
"../../../Engine/Content/EngineMaterials/DefaultDiffuse.uasset" 244
"../../../Engine/Content/EngineMaterials/DefaultDeferredDecalMaterial.uasset" 245
"../../../Engine/Content/EngineMaterials/DefaultLightFunctionMaterial.uasset" 246
"../../../Engine/Content/EngineMaterials/DefaultPhysicalMaterial.uasset" 247
"../../../Engine/Content/Functions/Engine_MaterialFunctions02/Utility/BreakOutFloat2Components.uasset" 248
"../../../Engine/Content/EngineMaterials/DefaultPostProcessMaterial.uasset" 249
"../../../Engine/Content/EngineFonts/RobotoDistanceField.uasset" 250
"../../../Engine/Content/EngineMaterials/DefaultTextMaterialOpaque.uasset" 251
"../../../Engine/Content/EngineMaterials/DefaultWhiteGrid.uasset" 252
"../../../Engine/Content/EngineMaterials/DefaultWhiteGrid_Low.uasset" 253
"../../../Engine/Content/EngineMaterials/EmissiveMeshMaterial.uasset" 254
"../../../Engine/Content/EngineMaterials/GizmoMaterial.uasset" 255
"../../../Engine/Content/EngineMaterials/Good64x64TilingNoiseHighFreq.uasset" 256
"../../../Engine/Content/EngineMaterials/MiniFont.uasset" 257
"../../../Engine/Content/EngineMaterials/InvalidLightmapSettings.uasset" 258
"../../../Engine/Content/EngineMaterials/M_InvalidLightmapSettings.uasset" 259
"../../../Engine/Content/Functions/Engine_MaterialFunctions02/WorldPositionOffset/CameraOffset.uasset" 260
"../../../Engine/Content/EngineMaterials/PhAT_JointLimitMaterial.uasset" 261
"../../../Engine/Content/EngineMaterials/PreintegratedSkinBRDF.uasset" 262
"../../../Engine/Content/EngineMaterials/RemoveSurfaceMaterial.uasset" 263
"../../../Engine/Content/EngineMaterials/WeightMapPlaceholderTexture.uasset" 264
"../../../Engine/Content/EngineResources/WhiteSquareTexture.uasset" 265
"../../../Engine/Content/EngineMaterials/Widget3DPassThrough.uasset" 266
"../../../Engine/Content/EngineMaterials/Widget3DPassThrough_Masked.uasset" 267
"../../../Engine/Content/EngineMaterials/Widget3DPassThrough_Opaque.uasset" 268
"../../../Engine/Content/EngineMaterials/Widget3DPassThrough_Masked_OneSided.uasset" 269
"../../../Engine/Content/EngineMaterials/Widget3DPassThrough_Opaque_OneSided.uasset" 270
"../../../Engine/Content/EngineMaterials/Widget3DPassThrough_Translucent.uasset" 271
"../../../Engine/Content/EngineMaterials/Widget3DPassThrough_Translucent_OneSided.uasset" 272
"../../../Engine/Content/EngineMeshes/Cylinder.uasset" 273
"../../../Engine/Content/EngineMeshes/Sphere.uasset" 274
"../../../Engine/Content/EngineResources/Black.uasset" 275
"../../../Engine/Content/EngineResources/DefaultTextureCube.uasset" 276
"../../../Engine/Content/EngineResources/DefaultVolumeTexture2D.uasset" 277
"../../../Engine/Content/EngineResources/DefaultVolumeTexture.uasset" 278
"../../../Engine/Content/EngineResources/GradientTexture0.uasset" 279
"../../../Engine/Content/EngineSky/VolumetricClouds/T_NoiseShape64.uasset" 280
"../../../Engine/Content/EngineSky/VolumetricClouds/T_VolumeNoiseShape64.uasset" 281
"../../../Engine/Content/EngineSky/VolumetricClouds/T_NoiseErosion.uasset" 282
"../../../Engine/Content/EngineSky/VolumetricClouds/T_VolumeNoiseErosion32.uasset" 283
"../../../Engine/Content/EngineSky/VolumetricClouds/CloudWeatherTexture.uasset" 284
"../../../Engine/Content/EngineSky/VolumetricClouds/CloudGradientTexture.uasset" 285
"../../../Engine/Content/Functions/Engine_MaterialFunctions02/Utility/MakeFloat2.uasset" 286
"../../../Engine/Content/EngineSky/VolumetricClouds/m_SimpleVolumetricCloud.uasset" 287
"../../../Engine/Content/EngineSky/VolumetricClouds/m_SimpleVolumetricCloud_Inst.uasset" 288
"../../../Engine/Content/EngineSounds/Master.uasset" 289
"../../../Engine/Content/Functions/Engine_MaterialFunctions01/Shading/PowerToRoughness.uasset" 290
"../../../Engine/Content/Maps/Templates/Thumbnails/Default.uasset" 291
"../../../Engine/Content/Maps/Templates/Thumbnails/TimeOfDay.uasset" 292
"../../../Engine/Content/Maps/Templates/Thumbnails/VR-Basic.uasset" 293
"../../../Engine/Content/MobileResources/T_MobileControls_texture.uasset" 294
"../../../Engine/Content/MobileResources/T_MobileMenu2.uasset" 295
"../../../Engine/Content/MobileResources/HUD/AnalogHat.uasset" 296
"../../../Engine/Content/MobileResources/HUD/VirtualJoystick_Thumb.uasset" 297
"../../../Engine/Content/MobileResources/HUD/VirtualJoystick_Background.uasset" 298
"../../../Engine/Content/MobileResources/HUD/DefaultVirtualJoysticks.uasset" 299
"../../../Engine/Content/MobileResources/HUD/LeftVirtualJoystickOnly.uasset" 300
"../../../Engine/Content/MobileResources/HUD/MobileHUDButton1_off.uasset" 301
"../../../Engine/Content/MobileResources/HUD/MobileHUDButton1_on.uasset" 302
"../../../Engine/Content/MobileResources/HUD/MobileHUDButton2_off.uasset" 303
"../../../Engine/Content/MobileResources/HUD/MobileHUDButton2_on.uasset" 304
"../../../Engine/Content/MobileResources/HUD/MobileHUDButton3.uasset" 305
"../../../Engine/Content/MobileResources/HUD/MobileHUDButtonFire.uasset" 306
"../../../Engine/Content/MobileResources/HUD/MobileHUDDirectionPad.uasset" 307
"../../../Engine/Content/MobileResources/HUD/MobileHUDDirectionPad2.uasset" 308
"../../../Engine/Content/MobileResources/HUD/MobileHUDDirectionPad3.uasset" 309
"../../../Engine/Content/MobileResources/HUD/MobileHUDDirectionStick.uasset" 310
"../../../Engine/Content/MobileResources/HUD/T_Castle_ThumbstickInner.uasset" 311
"../../../Engine/Content/MobileResources/HUD/T_Castle_ThumbstickOutter.uasset" 312
"../../../Engine/Content/Tutorial/ContentIntroCurve.uasset" 313
"../../../Engine/Content/Tutorial/Basics/LevelEditorAttract.uasset" 314
"../../../Engine/Content/VREditor/TransformGizmo/TranslucentTransformGizmoMaterial.uasset" 315
"../../../Engine/Content/VREditor/LaserPointer/VR_LaserPower_01.uasset" 316
"../../../Engine/Content/VREditor/TransformGizmo/TransformGizmoMaterial.uasset" 317
"../../../Engine/Content/VREditor/TransformGizmo/BoundingBoxCorner.uasset" 318
"../../../Engine/Content/VREditor/TransformGizmo/BoundingBoxEdge.uasset" 319
"../../../Engine/Content/VREditor/TransformGizmo/PlaneTranslationHandle.uasset" 320
"../../../Engine/Content/VREditor/TransformGizmo/Xray.uasset" 321
"../../../Engine/Content/VREditor/TransformGizmo/Main.uasset" 322
"../../../Engine/Content/VREditor/TransformGizmo/SM_Sequencer_Key.uasset" 323
"../../../Engine/Content/VREditor/TransformGizmo/SM_Sequencer_Node.uasset" 324
"../../Plugins/2D/Paper2D/Content/PlaceholderTextures/DummySpriteTexture.uasset" 325
"../../Plugins/2D/Paper2D/Content/DummySprite.uasset" 326
"../../Plugins/2D/Paper2D/Content/DefaultPaperTerrainMaterial.uasset" 327
"../../Plugins/2D/Paper2D/Content/DefaultSpriteMaterial.uasset" 328
"../../Plugins/2D/Paper2D/Content/MaskedUnlitSpriteMaterial.uasset" 329
"../../Plugins/2D/Paper2D/Content/OpaqueUnlitSpriteMaterial.uasset" 330
"../../../Engine/Content/Functions/Engine_MaterialFunctions02/Utility/BreakOutFloat3Components.uasset" 331
"../../Plugins/Editor/SpeedTreeImporter/Content/SpeedTree9/UnpackInteger3.uasset" 332
"../../Plugins/Editor/SpeedTreeImporter/Content/SpeedTree9/UnpackDirection.uasset" 333
"../../Plugins/Editor/SpeedTreeImporter/Content/SpeedTree9/game_wind_noise.uasset" 334
"../../../Engine/Content/Functions/Engine_MaterialFunctions02/SafeNormalize.uasset" 335
"../../Plugins/Editor/SpeedTreeImporter/Content/SpeedTree9/SpeedTreeWindMotion.uasset" 336
"../../Plugins/Editor/SpeedTreeImporter/Content/SpeedTree9/SpeedTreeBranchMotion.uasset" 337
"../../../Engine/Content/Functions/Engine_MaterialFunctions02/ObjectLocalBounds.uasset" 338
"../../../Engine/Content/Functions/Engine_MaterialFunctions02/UVs/BoundingBoxBased_0-1_UVW.uasset" 339
"../../Plugins/Editor/SpeedTreeImporter/Content/SpeedTree9/SpeedTreeWind.uasset" 340
"../../Plugins/Editor/SpeedTreeImporter/Content/SpeedTree9/SpeedTreeBillboard.uasset" 341
"../../../Engine/Content/EngineResources/DefaultTexture.uasset" 342
"../../Plugins/Editor/SpeedTreeImporter/Content/SpeedTree9/SpeedTreeBillboardMaster.uasset" 343
"../../Plugins/Editor/SpeedTreeImporter/Content/SpeedTree9/SpeedTreeCameraFacing.uasset" 344
"../../Plugins/Editor/SpeedTreeImporter/Content/SpeedTree9/SpeedTreeMaster.uasset" 345
"../../../Engine/Content/ArtTools/RenderToTexture/Materials/Debug/M_Emissive_Color.uasset" 346
"../../Plugins/Lumin/MagicLeapPassableWorld/Content/MagicLeapARPinInfoActor.uasset" 347
"../../../Engine/Content/Functions/Engine_MaterialFunctions02/Utility/BreakOutFloat4Components.uasset" 348
"../../../Engine/Content/Functions/Engine_MaterialFunctions02/Utility/MakeFloat3.uasset" 349
"../../Plugins/Runtime/Oculus/OculusVR/Content/Materials/OculusMR_ChromaKey.uasset" 350
"../../Plugins/Runtime/Oculus/OculusVR/Content/Materials/OculusMR_OpaqueColoredMaterial.uasset" 351
"../../Plugins/Runtime/Oculus/OculusVR/Content/Materials/PokeAHoleMaterial.uasset" 352
"../../../Engine/Content/EngineSky/T_Sky_Stars.uasset" 353
"../../../Engine/Content/EngineSky/T_Sky_Clouds_M.uasset" 354
"../../../Engine/Content/EngineSky/T_Sky_Blue.uasset" 355
"../../../Engine/Content/EngineSky/M_Sky_Panning_Clouds2.uasset" 356
"D:/Year 03/LegoTheMatrixProto_V1.2/Content/StudentContent/Levels/01_SecurityBuilding_BuiltData.uasset" 357
"../../../Engine/Content/EngineSky/SM_SkySphere.uasset" 358
"../../../Engine/Content/EngineSky/C_Sky_Zenith_Color.uasset" 359
"../../../Engine/Content/EngineSky/C_Sky_Horizon_Color.uasset" 360
"../../../Engine/Content/EngineSky/C_Sky_Cloud_Color.uasset" 361
"../../../Engine/Content/EngineSky/BP_Sky_Sphere.uasset" 362
"D:/Year 03/LegoTheMatrixProto_V1.2/Content/StudentContent/Blueprints/Actors/Pick-Ups/BPC_HealthPickUp.uasset" 363
"D:/Year 03/LegoTheMatrixProto_V1.2/Content/StudentContent/Blueprints/Actors/BP_Level02Trigger.uasset" 364
"D:/Year 03/LegoTheMatrixProto_V1.2/Content/StudentContent/Levels/01_SecurityBuilding.umap" 365
"D:/Year 03/LegoTheMatrixProto_V1.2/Content/StudentContent/Levels/02_BuildingRooftop_BuiltData.uasset" 366
"D:/Year 03/LegoTheMatrixProto_V1.2/Content/StudentContent/Blueprints/UI/In-GameMenus/UMG_GameOverScreen.uasset" 367
"D:/Year 03/LegoTheMatrixProto_V1.2/Content/StudentContent/Blueprints/Actors/BP_GameOverTrigger.uasset" 368
"D:/Year 03/LegoTheMatrixProto_V1.2/Content/StudentContent/Levels/02_BuildingRooftop.umap" 369
"D:/Year 03/LegoTheMatrixProto_V1.2/Content/StudentContent/Levels/DevLevel_BuiltData.uasset" 370
"../../../Engine/Content/BasicShapes/Plane.uasset" 371
"D:/Year 03/LegoTheMatrixProto_V1.2/Content/StudentContent/Levels/DevLevel.umap" 372
"D:/Year 03/LegoTheMatrixProto_V1.2/Content/StudentContent/Blueprints/UI/UMG_MainMenu.uasset" 373
"D:/Year 03/LegoTheMatrixProto_V1.2/Content/StudentContent/Blueprints/GameModes/GM_MainMenuMode.uasset" 374
"D:/Year 03/LegoTheMatrixProto_V1.2/Content/StudentContent/Levels/MainMenuLevel.umap" 375
"../../../Engine/Content/Maps/Entry_BuiltData.uasset" 376
"../../../Engine/Content/Maps/Entry.umap" 377
